<?xml version="1.0" encoding="UTF-8" ?>
<testsuite tests="4" failures="4" name="StudentMapperTest" time="0.002" errors="0" skipped="0">
  <properties>
[...]
</properties>
  <testcase classname="StudentMapperTest" name="StudentMapperTest.testDeleteStu" time="0.002">
    <failure type="java.lang.NullPointerException">java.lang.NullPointerException
	at StudentMapperTest.testDeleteStu(StudentMapperTest.java:30)
</failure>
  </testcase>
  <testcase classname="StudentMapperTest" name="StudentMapperTest.testQueryAll" time="0">
    <failure type="java.lang.NullPointerException">java.lang.NullPointerException
	at StudentMapperTest.testQueryAll(StudentMapperTest.java:22)
</failure>
  </testcase>
  <testcase classname="StudentMapperTest" name="StudentMapperTest.testUpdateStu" time="0">
    <failure type="java.lang.NullPointerException">java.lang.NullPointerException
	at StudentMapperTest.testUpdateStu(StudentMapperTest.java:41)
</failure>
  </testcase>
  <testcase classname="StudentMapperTest" name="StudentMapperTest.testInsertStu" time="0">
    <failure type="java.lang.NullPointerException">java.lang.NullPointerException
	at StudentMapperTest.testInsertStu(StudentMapperTest.java:51)
</failure>
  </testcase>
</testsuite>